[debug] [2024-01-12T18:23:43.794Z] ----------------------------------------------------------------------
[debug] [2024-01-12T18:23:43.799Z] Command:       C:\Program Files\nodejs\node.exe C:\Users\Igaro\AppData\Roaming\npm\node_modules\firebase-tools\lib\bin\firebase.js init
[debug] [2024-01-12T18:23:43.800Z] CLI Version:   13.0.3
[debug] [2024-01-12T18:23:43.801Z] Platform:      win32
[debug] [2024-01-12T18:23:43.801Z] Node Version:  v20.8.0
[debug] [2024-01-12T18:23:43.802Z] Time:          Fri Jan 12 2024 15:23:43 GMT-0300 (Horário Padrão de Brasília)
[debug] [2024-01-12T18:23:43.802Z] ----------------------------------------------------------------------
[debug] 
[debug] [2024-01-12T18:23:43.816Z] > command requires scopes: ["email","openid","https://www.googleapis.com/auth/cloudplatformprojects.readonly","https://www.googleapis.com/auth/firebase","https://www.googleapis.com/auth/cloud-platform"]
[debug] [2024-01-12T18:23:43.817Z] > authorizing via signed-in user (igarofranklin@gmail.com)
[info] 
     ######## #### ########  ######## ########     ###     ######  ########
     ##        ##  ##     ## ##       ##     ##  ##   ##  ##       ##
     ######    ##  ########  ######   ########  #########  ######  ######
     ##        ##  ##    ##  ##       ##     ## ##     ##       ## ##
     ##       #### ##     ## ######## ########  ##     ##  ######  ########

You're about to initialize a Firebase project in this directory:

  C:\Users\Igaro\OneDrive\Área de Trabalho\Minha Area\React\SistemaDeChamados

[info] 
=== Project Setup
[info] 
[info] First, let's associate this project directory with a Firebase project.
[info] You can create multiple project aliases by running firebase use --add, 
[info] but for now we'll just set up a default project.
[info] 
[debug] [2024-01-12T18:26:16.334Z] >>> [apiv2][query] GET https://firebase.googleapis.com/v1beta1/projects pageSize=100
[debug] [2024-01-12T18:26:17.193Z] <<< [apiv2][status] GET https://firebase.googleapis.com/v1beta1/projects 200
[debug] [2024-01-12T18:26:17.193Z] <<< [apiv2][body] GET https://firebase.googleapis.com/v1beta1/projects [omitted]
[info] i  Using project tickets-6149a (tickets) 
[info] 
=== Database Setup
[info] i  database: ensuring required API firebasedatabase.googleapis.com is enabled... 
[debug] [2024-01-12T18:26:20.891Z] >>> [apiv2][query] GET https://serviceusage.googleapis.com/v1/projects/tickets-6149a/services/firebasedatabase.googleapis.com [none]
[debug] [2024-01-12T18:26:20.891Z] >>> [apiv2][(partial)header] GET https://serviceusage.googleapis.com/v1/projects/tickets-6149a/services/firebasedatabase.googleapis.com x-goog-quota-user=projects/tickets-6149a
[debug] [2024-01-12T18:26:22.049Z] <<< [apiv2][status] GET https://serviceusage.googleapis.com/v1/projects/tickets-6149a/services/firebasedatabase.googleapis.com 200
[debug] [2024-01-12T18:26:22.049Z] <<< [apiv2][body] GET https://serviceusage.googleapis.com/v1/projects/tickets-6149a/services/firebasedatabase.googleapis.com [omitted]
[warn] !  database: missing required API firebasedatabase.googleapis.com. Enabling now... 
[debug] [2024-01-12T18:26:22.051Z] >>> [apiv2][query] POST https://serviceusage.googleapis.com/v1/projects/tickets-6149a/services/firebasedatabase.googleapis.com:enable [none]
[debug] [2024-01-12T18:26:22.051Z] >>> [apiv2][(partial)header] POST https://serviceusage.googleapis.com/v1/projects/tickets-6149a/services/firebasedatabase.googleapis.com:enable x-goog-quota-user=projects/tickets-6149a
[debug] [2024-01-12T18:26:23.774Z] <<< [apiv2][status] POST https://serviceusage.googleapis.com/v1/projects/tickets-6149a/services/firebasedatabase.googleapis.com:enable 200
[debug] [2024-01-12T18:26:23.774Z] <<< [apiv2][body] POST https://serviceusage.googleapis.com/v1/projects/tickets-6149a/services/firebasedatabase.googleapis.com:enable [omitted]
[debug] [2024-01-12T18:26:33.778Z] >>> [apiv2][query] GET https://serviceusage.googleapis.com/v1/projects/tickets-6149a/services/firebasedatabase.googleapis.com [none]
[debug] [2024-01-12T18:26:33.779Z] >>> [apiv2][(partial)header] GET https://serviceusage.googleapis.com/v1/projects/tickets-6149a/services/firebasedatabase.googleapis.com x-goog-quota-user=projects/tickets-6149a
[debug] [2024-01-12T18:26:35.051Z] <<< [apiv2][status] GET https://serviceusage.googleapis.com/v1/projects/tickets-6149a/services/firebasedatabase.googleapis.com 200
[debug] [2024-01-12T18:26:35.051Z] <<< [apiv2][body] GET https://serviceusage.googleapis.com/v1/projects/tickets-6149a/services/firebasedatabase.googleapis.com [omitted]
[info] +  database: required API firebasedatabase.googleapis.com is enabled 
[info] 
[debug] [2024-01-12T18:26:35.058Z] >>> [apiv2][query] GET https://firebase.googleapis.com/v1beta1/projects/tickets-6149a [none]
[debug] [2024-01-12T18:26:35.557Z] <<< [apiv2][status] GET https://firebase.googleapis.com/v1beta1/projects/tickets-6149a 200
[debug] [2024-01-12T18:26:35.557Z] <<< [apiv2][body] GET https://firebase.googleapis.com/v1beta1/projects/tickets-6149a {"projectId":"tickets-6149a","projectNumber":"815123500428","displayName":"tickets","name":"projects/tickets-6149a","resources":{"hostingSite":"tickets-6149a","storageBucket":"tickets-6149a.appspot.com","locationId":"southamerica-east1"},"state":"ACTIVE","etag":"1_d3b51989-216b-46e3-968a-5e87a4281d82"}
[debug] [2024-01-12T18:27:02.538Z] >>> [apiv2][query] POST https://firebasedatabase.googleapis.com/v1beta/projects/tickets-6149a/locations/us-central1/instances databaseId=tickets-6149a-default-rtdb&validateOnly=true
[debug] [2024-01-12T18:27:02.540Z] >>> [apiv2][body] POST https://firebasedatabase.googleapis.com/v1beta/projects/tickets-6149a/locations/us-central1/instances {"type":"default_database"}
[debug] [2024-01-12T18:27:03.949Z] <<< [apiv2][status] POST https://firebasedatabase.googleapis.com/v1beta/projects/tickets-6149a/locations/us-central1/instances 200
[debug] [2024-01-12T18:27:03.950Z] <<< [apiv2][body] POST https://firebasedatabase.googleapis.com/v1beta/projects/tickets-6149a/locations/us-central1/instances {"name":"projects/815123500428/locations/us-central1/instances/tickets-6149a-default-rtdb","project":"projects/815123500428","databaseUrl":"https://tickets-6149a-default-rtdb.firebaseio.com","type":"DEFAULT_DATABASE","state":"ACTIVE"}
[debug] [2024-01-12T18:27:03.951Z] >>> [apiv2][query] POST https://firebasedatabase.googleapis.com/v1beta/projects/tickets-6149a/locations/us-central1/instances databaseId=tickets-6149a-default-rtdb
[debug] [2024-01-12T18:27:03.952Z] >>> [apiv2][body] POST https://firebasedatabase.googleapis.com/v1beta/projects/tickets-6149a/locations/us-central1/instances {"type":"default_database"}
[debug] [2024-01-12T18:27:04.562Z] <<< [apiv2][status] POST https://firebasedatabase.googleapis.com/v1beta/projects/tickets-6149a/locations/us-central1/instances 200
[debug] [2024-01-12T18:27:04.563Z] <<< [apiv2][body] POST https://firebasedatabase.googleapis.com/v1beta/projects/tickets-6149a/locations/us-central1/instances {"name":"projects/815123500428/locations/us-central1/instances/tickets-6149a-default-rtdb","project":"projects/815123500428","databaseUrl":"https://tickets-6149a-default-rtdb.firebaseio.com","type":"DEFAULT_DATABASE","state":"ACTIVE"}
[info] 
[info] Firebase Realtime Database Security Rules allow you to define how your data should be
[info] structured and when your data can be read from and written to.
[info] 
[debug] [2024-01-12T18:27:28.787Z] >>> [apiv2][query] GET https://tickets-6149a-default-rtdb.firebaseio.com/.settings/rules.json [none]
[debug] [2024-01-12T18:27:29.653Z] <<< [apiv2][status] GET https://tickets-6149a-default-rtdb.firebaseio.com/.settings/rules.json 200
[debug] [2024-01-12T18:27:29.654Z] <<< [apiv2][body] GET https://tickets-6149a-default-rtdb.firebaseio.com/.settings/rules.json [stream]
[info] +  Database Rules for tickets-6149a-default-rtdb have been written to database.rules.json. 
[info] Future modifications to database.rules.json will update Realtime Database Security Rules when you run
[info] firebase deploy.
[info] 
=== Hosting Setup
[debug] [2024-01-12T18:27:29.663Z] >>> [apiv2][query] GET https://firebase.googleapis.com/v1beta1/projects/tickets-6149a [none]
[debug] [2024-01-12T18:27:30.215Z] <<< [apiv2][status] GET https://firebase.googleapis.com/v1beta1/projects/tickets-6149a 200
[debug] [2024-01-12T18:27:30.215Z] <<< [apiv2][body] GET https://firebase.googleapis.com/v1beta1/projects/tickets-6149a {"projectId":"tickets-6149a","projectNumber":"815123500428","displayName":"tickets","name":"projects/tickets-6149a","resources":{"hostingSite":"tickets-6149a","realtimeDatabaseInstance":"tickets-6149a-default-rtdb","storageBucket":"tickets-6149a.appspot.com","locationId":"southamerica-east1"},"state":"ACTIVE","etag":"1_d3b51989-216b-46e3-968a-5e87a4281d82"}
[info] 
[info] Your public directory is the folder (relative to your project directory) that
[info] will contain Hosting assets to be uploaded with firebase deploy. If you
[info] have a build process for your assets, use your build's output directory.
[info] 
[info] +  Wrote public/404.html 
[debug] [2024-01-12T18:28:58.225Z] >>> [apiv2][query] GET https://www.gstatic.com/firebasejs/releases.json [none]
[debug] [2024-01-12T18:28:58.347Z] <<< [apiv2][status] GET https://www.gstatic.com/firebasejs/releases.json 200
[debug] [2024-01-12T18:28:58.347Z] <<< [apiv2][body] GET https://www.gstatic.com/firebasejs/releases.json {"current":{"version":"10.7.1","browserURL":"https://www.gstatic.com/firebasejs/10.7.1/firebase.js","packageURL":"https://www.gstatic.com/firebasejs/10.7.1/firebase.tgz"},"live":{"version":"10.7","browserURL":"https://www.gstatic.com/firebasejs/live/10.7/firebase.js","packageURL":"https://www.gstatic.com/firebasejs/live/10.7/firebase.tgz"},"components":{"analytics":"https://www.gstatic.com/firebasejs/10.7.1/firebase-analytics.js","app":"https://www.gstatic.com/firebasejs/10.7.1/firebase-app.js","app-check":"https://www.gstatic.com/firebasejs/10.7.1/firebase-app-check.js","auth":"https://www.gstatic.com/firebasejs/10.7.1/firebase-auth.js","auth/cordova":"https://www.gstatic.com/firebasejs/10.7.1/firebase-auth/cordova.js","functions":"https://www.gstatic.com/firebasejs/10.7.1/firebase-functions.js","firestore":"https://www.gstatic.com/firebasejs/10.7.1/firebase-firestore.js","firestore/lite":"https://www.gstatic.com/firebasejs/10.7.1/firebase-firestore/lite.js","installations":"https://www.gstatic.com/firebasejs/10.7.1/firebase-installations.js","storage":"https://www.gstatic.com/firebasejs/10.7.1/firebase-storage.js","performance":"https://www.gstatic.com/firebasejs/10.7.1/firebase-performance.js","remote-config":"https://www.gstatic.com/firebasejs/10.7.1/firebase-remote-config.js","messaging":"https://www.gstatic.com/firebasejs/10.7.1/firebase-messaging.js","messaging/sw":"https://www.gstatic.com/firebasejs/10.7.1/firebase-messaging/sw.js","database":"https://www.gstatic.com/firebasejs/10.7.1/firebase-database.js","firestore.memory":"https://www.gstatic.com/firebasejs/10.7.1/firebase-firestore.memory.js"}}
[info] i  Skipping write of public/index.html 
[info] 
[info] i  Detected a .git folder at C:\Users\Igaro\OneDrive\Área de Trabalho\Minha Area\React\SistemaDeChamados 
[info] i  Authorizing with GitHub to upload your service account to a GitHub repository's secrets store. 
[info] 
[info] Visit this URL on this device to log in:
[info] https://github.com/login/oauth/authorize?client_id=89cf50f02ac6aaed3484&state=165339916&redirect_uri=http%3A%2F%2Flocalhost%3A9005&scope=read%3Auser%20repo%20public_repo
[info] 
[info] Waiting for authentication...
[debug] [2024-01-12T18:29:29.336Z] >>> [apiv2][query] POST https://github.com/login/oauth/access_token [none]
[debug] [2024-01-12T18:29:29.336Z] >>> [apiv2][body] POST https://github.com/login/oauth/access_token [stream]
[debug] [2024-01-12T18:29:29.677Z] <<< [apiv2][status] POST https://github.com/login/oauth/access_token 200
[debug] [2024-01-12T18:29:29.677Z] <<< [apiv2][body] POST https://github.com/login/oauth/access_token {"access_token":"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","token_type":"bearer","scope":"read:user,repo"}
[debug] [2024-01-12T18:29:29.714Z] >>> [apiv2][query] GET https://api.github.com/user [none]
[debug] [2024-01-12T18:29:30.157Z] <<< [apiv2][status] GET https://api.github.com/user 200
[debug] [2024-01-12T18:29:30.158Z] <<< [apiv2][body] GET https://api.github.com/user {"login":"Igaro-Franklin","id":116388993,"node_id":"U_kgDOBu_0gQ","avatar_url":"https://avatars.githubusercontent.com/u/116388993?v=4","gravatar_id":"","url":"https://api.github.com/users/Igaro-Franklin","html_url":"https://github.com/Igaro-Franklin","followers_url":"https://api.github.com/users/Igaro-Franklin/followers","following_url":"https://api.github.com/users/Igaro-Franklin/following{/other_user}","gists_url":"https://api.github.com/users/Igaro-Franklin/gists{/gist_id}","starred_url":"https://api.github.com/users/Igaro-Franklin/starred{/owner}{/repo}","subscriptions_url":"https://api.github.com/users/Igaro-Franklin/subscriptions","organizations_url":"https://api.github.com/users/Igaro-Franklin/orgs","repos_url":"https://api.github.com/users/Igaro-Franklin/repos","events_url":"https://api.github.com/users/Igaro-Franklin/events{/privacy}","received_events_url":"https://api.github.com/users/Igaro-Franklin/received_events","type":"User","site_admin":false,"name":null,"company":null,"blog":"","location":null,"email":null,"hireable":null,"bio":null,"twitter_username":null,"public_repos":28,"public_gists":0,"followers":2,"following":4,"created_at":"2022-10-21T20:08:31Z","updated_at":"2023-08-02T13:23:35Z","private_gists":0,"total_private_repos":5,"owned_private_repos":5,"disk_usage":658388,"collaborators":0,"two_factor_authentication":false,"plan":{"name":"free","space":976562499,"collaborators":0,"private_repos":10000}}
[info] 
[info] +  Success! Logged into GitHub as Igaro-Franklin 
[info] 
[debug] [2024-01-12T18:29:54.536Z] >>> [apiv2][query] GET https://api.github.com/repos//actions/secrets/public-key type=owner
[debug] [2024-01-12T18:29:54.769Z] <<< [apiv2][status] GET https://api.github.com/repos//actions/secrets/public-key 404
[debug] [2024-01-12T18:29:54.770Z] <<< [apiv2][body] GET https://api.github.com/repos//actions/secrets/public-key {"message":"Not Found","documentation_url":"https://docs.github.com/rest"}
[info] 
[info] 
[error] !  The provided authorization cannot be used with this repository. If this repository is in an organization, did you remember to grant access? 
[info] 
[info] i  Action required: Visit this URL to ensure access has been granted to the appropriate organization(s) for the Firebase CLI GitHub OAuth App: 
[info] https://github.com/settings/connections/applications/89cf50f02ac6aaed3484
[info] 
[debug] [2024-01-12T18:30:00.472Z] >>> [apiv2][query] GET https://api.github.com/repos//actions/secrets/public-key type=owner
[debug] [2024-01-12T18:30:00.711Z] <<< [apiv2][status] GET https://api.github.com/repos//actions/secrets/public-key 404
[debug] [2024-01-12T18:30:00.712Z] <<< [apiv2][body] GET https://api.github.com/repos//actions/secrets/public-key {"message":"Not Found","documentation_url":"https://docs.github.com/rest"}
[info] 
[info] 
[error] !  The provided authorization cannot be used with this repository. If this repository is in an organization, did you remember to grant access? 
[info] 
[info] i  Action required: Visit this URL to ensure access has been granted to the appropriate organization(s) for the Firebase CLI GitHub OAuth App: 
[info] https://github.com/settings/connections/applications/89cf50f02ac6aaed3484
[info] 
[debug] [2024-01-12T18:30:04.000Z] >>> [apiv2][query] GET https://api.github.com/repos//actions/secrets/public-key type=owner
[debug] [2024-01-12T18:30:04.411Z] <<< [apiv2][status] GET https://api.github.com/repos//actions/secrets/public-key 404
[debug] [2024-01-12T18:30:04.411Z] <<< [apiv2][body] GET https://api.github.com/repos//actions/secrets/public-key {"message":"Not Found","documentation_url":"https://docs.github.com/rest"}
[info] 
[info] 
[error] !  The provided authorization cannot be used with this repository. If this repository is in an organization, did you remember to grant access? 
[info] 
[info] i  Action required: Visit this URL to ensure access has been granted to the appropriate organization(s) for the Firebase CLI GitHub OAuth App: 
[info] https://github.com/settings/connections/applications/89cf50f02ac6aaed3484
[info] 
[debug] [2024-01-12T18:30:05.086Z] >>> [apiv2][query] GET https://api.github.com/repos//actions/secrets/public-key type=owner
[debug] [2024-01-12T18:30:05.268Z] <<< [apiv2][status] GET https://api.github.com/repos//actions/secrets/public-key 404
[debug] [2024-01-12T18:30:05.268Z] <<< [apiv2][body] GET https://api.github.com/repos//actions/secrets/public-key {"message":"Not Found","documentation_url":"https://docs.github.com/rest"}
[info] 
[info] 
[error] !  The provided authorization cannot be used with this repository. If this repository is in an organization, did you remember to grant access? 
[info] 
[info] i  Action required: Visit this URL to ensure access has been granted to the appropriate organization(s) for the Firebase CLI GitHub OAuth App: 
[info] https://github.com/settings/connections/applications/89cf50f02ac6aaed3484
[info] 
[debug] [2024-01-12T18:30:06.110Z] >>> [apiv2][query] GET https://api.github.com/repos//actions/secrets/public-key type=owner
[debug] [2024-01-12T18:30:06.291Z] <<< [apiv2][status] GET https://api.github.com/repos//actions/secrets/public-key 404
[debug] [2024-01-12T18:30:06.291Z] <<< [apiv2][body] GET https://api.github.com/repos//actions/secrets/public-key {"message":"Not Found","documentation_url":"https://docs.github.com/rest"}
[info] 
[info] 
[error] !  The provided authorization cannot be used with this repository. If this repository is in an organization, did you remember to grant access? 
[info] 
[info] i  Action required: Visit this URL to ensure access has been granted to the appropriate organization(s) for the Firebase CLI GitHub OAuth App: 
[info] https://github.com/settings/connections/applications/89cf50f02ac6aaed3484
[info] 
[debug] [2024-01-12T18:30:46.915Z] >>> [apiv2][query] GET https://api.github.com/repos//actions/secrets/public-key type=owner
[debug] [2024-01-12T18:30:47.193Z] <<< [apiv2][status] GET https://api.github.com/repos//actions/secrets/public-key 404
[debug] [2024-01-12T18:30:47.194Z] <<< [apiv2][body] GET https://api.github.com/repos//actions/secrets/public-key {"message":"Not Found","documentation_url":"https://docs.github.com/rest"}
[info] 
[info] 
[error] !  The provided authorization cannot be used with this repository. If this repository is in an organization, did you remember to grant access? 
[info] 
[info] i  Action required: Visit this URL to ensure access has been granted to the appropriate organization(s) for the Firebase CLI GitHub OAuth App: 
[info] https://github.com/settings/connections/applications/89cf50f02ac6aaed3484
[info] 
[debug] [2024-01-12T18:30:49.607Z] >>> [apiv2][query] GET https://api.github.com/repos//actions/secrets/public-key type=owner
[debug] [2024-01-12T18:30:49.785Z] <<< [apiv2][status] GET https://api.github.com/repos//actions/secrets/public-key 404
[debug] [2024-01-12T18:30:49.786Z] <<< [apiv2][body] GET https://api.github.com/repos//actions/secrets/public-key {"message":"Not Found","documentation_url":"https://docs.github.com/rest"}
[info] 
[info] 
[error] !  The provided authorization cannot be used with this repository. If this repository is in an organization, did you remember to grant access? 
[info] 
[info] i  Action required: Visit this URL to ensure access has been granted to the appropriate organization(s) for the Firebase CLI GitHub OAuth App: 
[info] https://github.com/settings/connections/applications/89cf50f02ac6aaed3484
[info] 
